<?xml version="1.0" encoding="UTF-8"?>
<testsuite xmlns:xsi="http://www.w3.org/2001/XMLSchema-instance" xsi:noNamespaceSchemaLocation="https://maven.apache.org/surefire/maven-surefire-plugin/xsd/surefire-test-report-3.0.xsd" version="3.0" name="GestorUsuariosTest" time="0.083" tests="5" errors="0" skipped="0" failures="0">
  <properties>
[...]
</properties>
  <testcase name="testAgregarUsuario" classname="GestorUsuariosTest" time="0.026"/>
  <testcase name="testEliminarUsuario" classname="GestorUsuariosTest" time="0.004"/>
  <testcase name="testEsCorreoValido" classname="GestorUsuariosTest" time="0.003"/>
  <testcase name="testAgregarUsuarioSinDuplicados" classname="GestorUsuariosTest" time="0.002"/>
  <testcase name="testActualizarCorreo" classname="GestorUsuariosTest" time="0.003"/>
</testsuite>